c:\users\craig\desktop\tertut01\engine\engine\debug\applicationclass.obj
c:\users\craig\desktop\tertut01\engine\engine\debug\cameraclass.obj
c:\users\craig\desktop\tertut01\engine\engine\debug\colorshaderclass.obj
c:\users\craig\desktop\tertut01\engine\engine\debug\cpuclass.obj
c:\users\craig\desktop\tertut01\engine\engine\debug\d3dclass.obj
c:\users\craig\desktop\tertut01\engine\engine\debug\fontclass.obj
c:\users\craig\desktop\tertut01\engine\engine\debug\fontshaderclass.obj
c:\users\craig\desktop\tertut01\engine\engine\debug\fpsclass.obj
c:\users\craig\desktop\tertut01\engine\engine\debug\inputclass.obj
c:\users\craig\desktop\tertut01\engine\engine\debug\main.obj
c:\users\craig\desktop\tertut01\engine\engine\debug\positionclass.obj
c:\users\craig\desktop\tertut01\engine\engine\debug\systemclass.obj
c:\users\craig\desktop\tertut01\engine\engine\debug\terrainclass.obj
c:\users\craig\desktop\tertut01\engine\engine\debug\textclass.obj
c:\users\craig\desktop\tertut01\engine\engine\debug\textureclass.obj
c:\users\craig\desktop\tertut01\engine\engine\debug\timerclass.obj
c:\users\craig\desktop\tertut01\engine\engine\debug\vc100.pdb
c:\users\craig\desktop\tertut01\engine\debug\engine.ilk
c:\users\craig\desktop\tertut01\engine\debug\engine.exe
c:\users\craig\desktop\tertut01\engine\engine\debug\engine.exe.intermediate.manifest
c:\users\craig\desktop\tertut01\engine\debug\engine.pdb
c:\users\craig\desktop\tertut01\engine\engine\debug\engine.exe.embed.manifest
c:\users\craig\desktop\tertut01\engine\engine\debug\engine.exe.embed.manifest.res
d:\github\cmp505_lililiu\source\engine\engine\debug\vc141.pdb
d:\github\cmp505_lililiu\source\engine\engine\debug\vc141.idb
d:\github\cmp505_lililiu\source\engine\engine\debug\applicationclass.obj
d:\github\cmp505_lililiu\source\engine\engine\debug\cameraclass.obj
d:\github\cmp505_lililiu\source\engine\engine\debug\colorshaderclass.obj
d:\github\cmp505_lililiu\source\engine\engine\debug\cpuclass.obj
d:\github\cmp505_lililiu\source\engine\engine\debug\d3dclass.obj
d:\github\cmp505_lililiu\source\engine\engine\debug\fontclass.obj
d:\github\cmp505_lililiu\source\engine\engine\debug\fontshaderclass.obj
d:\github\cmp505_lililiu\source\engine\engine\debug\fpsclass.obj
d:\github\cmp505_lililiu\source\engine\engine\debug\inputclass.obj
d:\github\cmp505_lililiu\source\engine\engine\debug\main.obj
d:\github\cmp505_lililiu\source\engine\engine\debug\positionclass.obj
d:\github\cmp505_lililiu\source\engine\engine\debug\systemclass.obj
d:\github\cmp505_lililiu\source\engine\engine\debug\terrainclass.obj
d:\github\cmp505_lililiu\source\engine\engine\debug\textclass.obj
d:\github\cmp505_lililiu\source\engine\engine\debug\textureclass.obj
d:\github\cmp505_lililiu\source\engine\engine\debug\timerclass.obj
d:\github\cmp505_lililiu\source\engine\engine\debug\cl.command.1.tlog
d:\github\cmp505_lililiu\source\engine\engine\debug\cl.read.1.tlog
d:\github\cmp505_lililiu\source\engine\engine\debug\cl.write.1.tlog
d:\github\cmp505_lililiu\source\engine\engine\debug\link-cvtres.read.1.tlog
d:\github\cmp505_lililiu\source\engine\engine\debug\link-cvtres.write.1.tlog
d:\github\cmp505_lililiu\source\engine\engine\debug\link.2680-cvtres.read.1.tlog
d:\github\cmp505_lililiu\source\engine\engine\debug\link.2680-cvtres.write.1.tlog
d:\github\cmp505_lililiu\source\engine\engine\debug\link.2680.read.1.tlog
d:\github\cmp505_lililiu\source\engine\engine\debug\link.2680.write.1.tlog
d:\github\cmp505_lililiu\source\engine\engine\debug\link.command.1.tlog
d:\github\cmp505_lililiu\source\engine\engine\debug\link.read.1.tlog
d:\github\cmp505_lililiu\source\engine\engine\debug\link.write.1.tlog
d:\github\cmp505_lililiu\source\engine\engine\debug\mt.command.1.tlog
d:\github\cmp505_lililiu\source\engine\engine\debug\mt.read.1.tlog
d:\github\cmp505_lililiu\source\engine\engine\debug\mt.write.1.tlog
d:\github\cmp505_lililiu\source\engine\engine\debug\rc.command.1.tlog
d:\github\cmp505_lililiu\source\engine\engine\debug\rc.read.1.tlog
d:\github\cmp505_lililiu\source\engine\engine\debug\rc.write.1.tlog
d:\github\cmp505_lililiu\source\engine\engine\debug\engine.exe.embed.manifest
d:\github\cmp505_lililiu\source\engine\engine\debug\engine.exe.intermediate.manifest
d:\github\cmp505_lililiu\source\engine\engine\debug\engine.exe.embed.manifest.res
d:\github\cmp505_lililiu\source\engine\engine\debug\vc100.idb
d:\github\cmp505_lililiu\source\engine\engine\debug\vc100.pdb
d:\github\cmp505_lililiu\source\engine\engine\debug\engine_manifest.rc
d:\github\cmp505_lililiu\source\engine\debug\engine.pdb
d:\github\cmp505_lililiu\source\engine\engine\debug\engine.tlog\cl.command.1.tlog
d:\github\cmp505_lililiu\source\engine\engine\debug\engine.tlog\cl.read.1.tlog
d:\github\cmp505_lililiu\source\engine\engine\debug\engine.tlog\cl.write.1.tlog
d:\github\cmp505_lililiu\source\engine\engine\debug\engine.tlog\link-cvtres.read.1.tlog
d:\github\cmp505_lililiu\source\engine\engine\debug\engine.tlog\link-cvtres.write.1.tlog
d:\github\cmp505_lililiu\source\engine\engine\debug\engine.tlog\link-rc.read.1.tlog
d:\github\cmp505_lililiu\source\engine\engine\debug\engine.tlog\link-rc.write.1.tlog
d:\github\cmp505_lililiu\source\engine\engine\debug\engine.tlog\link.command.1.tlog
d:\github\cmp505_lililiu\source\engine\engine\debug\engine.tlog\link.read.1.tlog
d:\github\cmp505_lililiu\source\engine\engine\debug\engine.tlog\link.write.1.tlog
